c:\users\etreh\documents\programming\otus\c++_developer_2023_06\basic\lesson_10\otus_cpp_basic_hw4\cmake_build\physics.dir\debug\vc143.pdb
c:\users\etreh\documents\programming\otus\c++_developer_2023_06\basic\lesson_10\otus_cpp_basic_hw4\cmake_build\physics.dir\debug\painterimpl.obj
c:\users\etreh\documents\programming\otus\c++_developer_2023_06\basic\lesson_10\otus_cpp_basic_hw4\cmake_build\physics.dir\debug\view.obj
c:\users\etreh\documents\programming\otus\c++_developer_2023_06\basic\lesson_10\otus_cpp_basic_hw4\cmake_build\physics.dir\debug\application.obj
c:\users\etreh\documents\programming\otus\c++_developer_2023_06\basic\lesson_10\otus_cpp_basic_hw4\cmake_build\physics.dir\debug\painter.obj
c:\users\etreh\documents\programming\otus\c++_developer_2023_06\basic\lesson_10\otus_cpp_basic_hw4\cmake_build\physics.dir\debug\color.obj
c:\users\etreh\documents\programming\otus\c++_developer_2023_06\basic\lesson_10\otus_cpp_basic_hw4\cmake_build\physics.dir\debug\physics.obj
c:\users\etreh\documents\programming\otus\c++_developer_2023_06\basic\lesson_10\otus_cpp_basic_hw4\cmake_build\physics.dir\debug\ball.obj
c:\users\etreh\documents\programming\otus\c++_developer_2023_06\basic\lesson_10\otus_cpp_basic_hw4\cmake_build\physics.dir\debug\world.obj
c:\users\etreh\documents\programming\otus\c++_developer_2023_06\basic\lesson_10\otus_cpp_basic_hw4\cmake_build\physics.dir\debug\main.obj
c:\users\etreh\documents\programming\otus\c++_developer_2023_06\basic\lesson_10\otus_cpp_basic_hw4\cmake_build\cmakefiles\generate.stamp
c:\users\etreh\documents\programming\otus\c++_developer_2023_06\basic\lesson_10\otus_cpp_basic_hw4\cmake_build\debug\physics.exe
c:\users\etreh\documents\programming\otus\c++_developer_2023_06\basic\lesson_10\otus_cpp_basic_hw4\cmake_build\physics.dir\debug\physics.ilk
c:\users\etreh\documents\programming\otus\c++_developer_2023_06\basic\lesson_10\otus_cpp_basic_hw4\cmake_build\debug\physics.pdb
c:\users\etreh\documents\programming\otus\c++_developer_2023_06\basic\lesson_10\otus_cpp_basic_hw4\cmake_build\physics.dir\debug\physics.tlog\cl.command.1.tlog
c:\users\etreh\documents\programming\otus\c++_developer_2023_06\basic\lesson_10\otus_cpp_basic_hw4\cmake_build\physics.dir\debug\physics.tlog\cl.items.tlog
c:\users\etreh\documents\programming\otus\c++_developer_2023_06\basic\lesson_10\otus_cpp_basic_hw4\cmake_build\physics.dir\debug\physics.tlog\cl.read.1.tlog
c:\users\etreh\documents\programming\otus\c++_developer_2023_06\basic\lesson_10\otus_cpp_basic_hw4\cmake_build\physics.dir\debug\physics.tlog\cl.write.1.tlog
c:\users\etreh\documents\programming\otus\c++_developer_2023_06\basic\lesson_10\otus_cpp_basic_hw4\cmake_build\physics.dir\debug\physics.tlog\custombuild.command.1.tlog
c:\users\etreh\documents\programming\otus\c++_developer_2023_06\basic\lesson_10\otus_cpp_basic_hw4\cmake_build\physics.dir\debug\physics.tlog\custombuild.read.1.tlog
c:\users\etreh\documents\programming\otus\c++_developer_2023_06\basic\lesson_10\otus_cpp_basic_hw4\cmake_build\physics.dir\debug\physics.tlog\custombuild.write.1.tlog
c:\users\etreh\documents\programming\otus\c++_developer_2023_06\basic\lesson_10\otus_cpp_basic_hw4\cmake_build\physics.dir\debug\physics.tlog\link.command.1.tlog
c:\users\etreh\documents\programming\otus\c++_developer_2023_06\basic\lesson_10\otus_cpp_basic_hw4\cmake_build\physics.dir\debug\physics.tlog\link.read.1.tlog
c:\users\etreh\documents\programming\otus\c++_developer_2023_06\basic\lesson_10\otus_cpp_basic_hw4\cmake_build\physics.dir\debug\physics.tlog\link.write.1.tlog
